


ARM Macro Assembler    Page 1 


    1 00000000         ;/*-----------------------------------------------------
                       ----------------------------------------------------*/
    2 00000000         ;/*                                                     
                                                                           */
    3 00000000         ;/* Copyright(c) 2009 Nuvoton Technology Corp. All right
                       s reserved.                                         */
    4 00000000         ;/*                                                     
                                                                           */
    5 00000000         ;/*-----------------------------------------------------
                       ----------------------------------------------------*/
    6 00000000         
    7 00000000         
    8 00000000                 IF               :LNOT: :DEF: Stack_Size
   10                          ENDIF
   11 00000000         
   12 00000000                 AREA             STACK, NOINIT, READWRITE, ALIGN
=3
   13 00000000         Stack_Mem
                               SPACE            Stack_Size
   14 00000400         __initial_sp
   15 00000400         
   16 00000400         
   17 00000400         ; <h> Heap Configuration
   18 00000400         ;   <o>  Heap Size (in Bytes) <0x0-0xFFFFFFFF:8>
   19 00000400         ; </h>
   20 00000400         
   21 00000400                 IF               :LNOT: :DEF: Heap_Size
   23                          ENDIF
   24 00000400         
   25 00000400                 AREA             HEAP, NOINIT, READWRITE, ALIGN=
3
   26 00000000         __heap_base
   27 00000000         Heap_Mem
                               SPACE            Heap_Size
   28 00000000         __heap_limit
   29 00000000         
   30 00000000         
   31 00000000                 PRESERVE8
   32 00000000                 THUMB
   33 00000000         
   34 00000000         
   35 00000000         ; Vector Table Mapped to Address 0 at Reset
   36 00000000                 AREA             RESET, DATA, READONLY
   37 00000000                 EXPORT           __Vectors
   38 00000000         
   39 00000000 00000000 
                       __Vectors
                               DCD              __initial_sp ; Top of Stack
   40 00000004 00000000        DCD              Reset_Handler ; Reset Handler
   41 00000008 00000000        DCD              NMI_Handler ; NMI Handler
   42 0000000C 00000000        DCD              HardFault_Handler ; Hard Fault 
                                                            Handler
   43 00000010 00000000        DCD              0           ; Reserved
   44 00000014 00000000        DCD              0           ; Reserved
   45 00000018 00000000        DCD              0           ; Reserved
   46 0000001C 00000000        DCD              0           ; Reserved
   47 00000020 00000000        DCD              0           ; Reserved
   48 00000024 00000000        DCD              0           ; Reserved
   49 00000028 00000000        DCD              0           ; Reserved



ARM Macro Assembler    Page 2 


   50 0000002C 00000000        DCD              SVC_Handler ; SVCall Handler
   51 00000030 00000000        DCD              0           ; Reserved
   52 00000034 00000000        DCD              0           ; Reserved
   53 00000038 00000000        DCD              PendSV_Handler ; PendSV Handler
                                                            
   54 0000003C 00000000        DCD              SysTick_Handler 
                                                            ; SysTick Handler
   55 00000040         
   56 00000040         ; External Interrupts
   57 00000040         ; maximum of 32 External Interrupts are possible
   58 00000040 00000000        DCD              BOD_IRQHandler
   59 00000044 00000000        DCD              WDT_IRQHandler
   60 00000048 00000000        DCD              EINT0_IRQHandler
   61 0000004C 00000000        DCD              EINT1_IRQHandler
   62 00000050 00000000        DCD              GPG0_IRQHandler
   63 00000054 00000000        DCD              GPG1_IRQHandler
   64 00000058 00000000        DCD              BPWM0_IRQHandler
   65 0000005C 00000000        DCD              EADC0_IRQHandler
   66 00000060 00000000        DCD              TMR0_IRQHandler
   67 00000064 00000000        DCD              TMR1_IRQHandler
   68 00000068 00000000        DCD              TMR2_IRQHandler
   69 0000006C 00000000        DCD              TMR3_IRQHandler
   70 00000070 00000000        DCD              UART0_IRQHandler
   71 00000074 00000000        DCD              UART1_IRQHandler
   72 00000078 00000000        DCD              SPI0_IRQHandler
   73 0000007C 00000000        DCD              SPI1_IRQHandler
   74 00000080 00000000        DCD              SPI2_IRQHandler
   75 00000084 00000000        DCD              MDU_IRQHandler
   76 00000088 00000000        DCD              I2C_IRQHandler
   77 0000008C 00000000        DCD              CKD_IRQHandler
   78 00000090 00000000        DCD              Default_IRQHandler
   79 00000094 00000000        DCD              EPWM0_IRQHandler
   80 00000098 00000000        DCD              EPWM1_IRQHandler
   81 0000009C 00000000        DCD              CAP0_IRQHandler
   82 000000A0 00000000        DCD              CAP1_IRQHandler
   83 000000A4 00000000        DCD              ACMP_IRQHandler
   84 000000A8 00000000        DCD              QEI0_IRQHandler
   85 000000AC 00000000        DCD              QEI1_IRQHandler
   86 000000B0 00000000        DCD              PWRWU_IRQHandler
   87 000000B4 00000000        DCD              EADC1_IRQHandler
   88 000000B8 00000000        DCD              EADC2_IRQHandler
   89 000000BC 00000000        DCD              EADC3_IRQHandler
   90 000000C0         
   91 000000C0         
   92 000000C0         
   93 000000C0                 AREA             |.text|, CODE, READONLY
   94 00000000         
   95 00000000         
   96 00000000         
   97 00000000         ; Reset Handler 
   98 00000000         
   99 00000000                 ENTRY
  100 00000000         
  101 00000000         Reset_Handler
                               PROC
  102 00000000                 EXPORT           Reset_Handler             [WEAK
]
  103 00000000                 IMPORT           SystemInit
  104 00000000                 IMPORT           __main



ARM Macro Assembler    Page 3 


  105 00000000         
  106 00000000 480A            LDR              R0, =0x50000100
  107 00000002         ; Unlock Register                
  108 00000002 490B            LDR              R1, =0x59
  109 00000004 6001            STR              R1, [R0]
  110 00000006 490B            LDR              R1, =0x16
  111 00000008 6001            STR              R1, [R0]
  112 0000000A 490B            LDR              R1, =0x88
  113 0000000C 6001            STR              R1, [R0]
  114 0000000E         
  115 0000000E         ; Init POR
  116 0000000E 4A0B            LDR              R2, =0x50000024
  117 00000010 490B            LDR              R1, =0x00005AA5
  118 00000012 6011            STR              R1, [R2]
  119 00000014         
  120 00000014         ; Lock register
  121 00000014 2100            MOVS             R1, #0
  122 00000016 6001            STR              R1, [R0]
  123 00000018         
  124 00000018 480A            LDR              R0, =SystemInit
  125 0000001A 4780            BLX              R0
  126 0000001C 480A            LDR              R0, =__main
  127 0000001E 4700            BX               R0
  128 00000020                 ENDP
  129 00000020         
  130 00000020         
  131 00000020         ; Dummy Exception Handlers (infinite loops which can be 
                       modified)                
  132 00000020         
  133 00000020         NMI_Handler
                               PROC
  134 00000020                 EXPORT           NMI_Handler               [WEAK
]
  135 00000020 E7FE            B                .
  136 00000022                 ENDP
  138 00000022         HardFault_Handler
                               PROC
  139 00000022                 EXPORT           HardFault_Handler         [WEAK
]
  140 00000022 E7FE            B                .
  141 00000024                 ENDP
  142 00000024         SVC_Handler
                               PROC
  143 00000024                 EXPORT           SVC_Handler               [WEAK
]
  144 00000024 E7FE            B                .
  145 00000026                 ENDP
  146 00000026         PendSV_Handler
                               PROC
  147 00000026                 EXPORT           PendSV_Handler            [WEAK
]
  148 00000026 E7FE            B                .
  149 00000028                 ENDP
  150 00000028         SysTick_Handler
                               PROC
  151 00000028                 EXPORT           SysTick_Handler           [WEAK
]
  152 00000028 E7FE            B                .
  153 0000002A                 ENDP



ARM Macro Assembler    Page 4 


  154 0000002A         
  155 0000002A         Default_Handler
                               PROC
  156 0000002A         
  157 0000002A                 EXPORT           BOD_IRQHandler            [WEAK
]
  158 0000002A                 EXPORT           WDT_IRQHandler            [WEAK
]
  159 0000002A                 EXPORT           EINT0_IRQHandler          [WEAK
]
  160 0000002A                 EXPORT           EINT1_IRQHandler          [WEAK
]
  161 0000002A                 EXPORT           GPG0_IRQHandler           [WEAK
]
  162 0000002A                 EXPORT           GPG1_IRQHandler           [WEAK
]
  163 0000002A                 EXPORT           BPWM0_IRQHandler          [WEAK
]
  164 0000002A                 EXPORT           EADC0_IRQHandler          [WEAK
]
  165 0000002A                 EXPORT           TMR0_IRQHandler           [WEAK
]
  166 0000002A                 EXPORT           TMR1_IRQHandler           [WEAK
]
  167 0000002A                 EXPORT           TMR2_IRQHandler           [WEAK
]
  168 0000002A                 EXPORT           TMR3_IRQHandler           [WEAK
]
  169 0000002A                 EXPORT           UART0_IRQHandler          [WEAK
]
  170 0000002A                 EXPORT           UART1_IRQHandler          [WEAK
]
  171 0000002A                 EXPORT           SPI0_IRQHandler           [WEAK
]
  172 0000002A                 EXPORT           SPI1_IRQHandler           [WEAK
]
  173 0000002A                 EXPORT           SPI2_IRQHandler           [WEAK
]
  174 0000002A                 EXPORT           MDU_IRQHandler            [WEAK
]
  175 0000002A                 EXPORT           I2C_IRQHandler            [WEAK
]
  176 0000002A                 EXPORT           CKD_IRQHandler            [WEAK
]
  177 0000002A                 EXPORT           EPWM0_IRQHandler          [WEAK
]
  178 0000002A                 EXPORT           EPWM1_IRQHandler          [WEAK
]
  179 0000002A                 EXPORT           CAP0_IRQHandler           [WEAK
]
  180 0000002A                 EXPORT           CAP1_IRQHandler           [WEAK
]
  181 0000002A                 EXPORT           ACMP_IRQHandler           [WEAK
]
  182 0000002A                 EXPORT           QEI0_IRQHandler           [WEAK
]
  183 0000002A                 EXPORT           QEI1_IRQHandler           [WEAK
]
  184 0000002A                 EXPORT           PWRWU_IRQHandler          [WEAK



ARM Macro Assembler    Page 5 


]
  185 0000002A                 EXPORT           EADC1_IRQHandler          [WEAK
]
  186 0000002A                 EXPORT           EADC2_IRQHandler          [WEAK
]
  187 0000002A                 EXPORT           EADC3_IRQHandler          [WEAK
]
  188 0000002A         
  189 0000002A         Default_IRQHandler
  190 0000002A         BOD_IRQHandler
  191 0000002A         WDT_IRQHandler
  192 0000002A         EINT0_IRQHandler
  193 0000002A         EINT1_IRQHandler
  194 0000002A         GPG0_IRQHandler
  195 0000002A         GPG1_IRQHandler
  196 0000002A         BPWM0_IRQHandler
  197 0000002A         EADC0_IRQHandler
  198 0000002A         TMR0_IRQHandler
  199 0000002A         TMR1_IRQHandler
  200 0000002A         TMR2_IRQHandler
  201 0000002A         TMR3_IRQHandler
  202 0000002A         UART0_IRQHandler
  203 0000002A         UART1_IRQHandler
  204 0000002A         SPI0_IRQHandler
  205 0000002A         SPI1_IRQHandler
  206 0000002A         SPI2_IRQHandler
  207 0000002A         MDU_IRQHandler
  208 0000002A         I2C_IRQHandler
  209 0000002A         CKD_IRQHandler
  210 0000002A         EPWM0_IRQHandler
  211 0000002A         EPWM1_IRQHandler
  212 0000002A         CAP0_IRQHandler
  213 0000002A         CAP1_IRQHandler
  214 0000002A         ACMP_IRQHandler
  215 0000002A         QEI0_IRQHandler
  216 0000002A         QEI1_IRQHandler
  217 0000002A         PWRWU_IRQHandler
  218 0000002A         EADC1_IRQHandler
  219 0000002A         EADC2_IRQHandler
  220 0000002A         EADC3_IRQHandler
  221 0000002A         
  222 0000002A E7FE            B                .
  223 0000002C                 ENDP
  224 0000002C         
  225 0000002C         
  226 0000002C                 ALIGN
  227 0000002C         
  228 0000002C         
  229 0000002C         ; User Initial Stack & Heap
  230 0000002C         
  231 0000002C                 IF               :DEF:__MICROLIB
  232 0000002C         
  233 0000002C                 EXPORT           __initial_sp
  234 0000002C                 EXPORT           __heap_base
  235 0000002C                 EXPORT           __heap_limit
  236 0000002C         
  237 0000002C                 ELSE
  251                          ENDIF
  252 0000002C         



ARM Macro Assembler    Page 6 


  253 0000002C                 END
              50000100 
              00000059 
              00000016 
              00000088 
              50000024 
              00005AA5 
              00000000 
              00000000 
Command Line: --16 --debug --xref --diag_suppress=9931 --cpu=Cortex-M0 --apcs=i
nterwork --depend=.\obj\startup_m0519.d -o.\obj\startup_m0519.o -IC:\Users\du\D
esktop\FT810\RTE\_Template -Id:\Keil_v5\ARM\PACK\ARM\CMSIS\5.0.0\CMSIS\Include 
-Id:\Keil_v5\ARM\PACK\ARM\CMSIS\5.0.0\CMSIS\RTOS\RTX\INC -Id:\Keil_v5\ARM\PACK\
Nuvoton\NuMicro_DFP\1.1.0\Device\M0519\Driver -Id:\Keil_v5\ARM\PACK\Nuvoton\NuM
icro_DFP\1.1.0\Device\M0519\Include --predefine="__RTX SETA 1" --predefine="__M
ICROLIB SETA 1" --predefine="__UVISION_VERSION SETA 522" --predefine="_RTE_ SET
A 1" --list=.\lst\startup_m0519.lst RTE\Device\M0519LE3AE\startup_M0519.s



ARM Macro Assembler    Page 1 Alphabetic symbol ordering
Relocatable symbols

STACK 00000000

Symbol: STACK
   Definitions
      At line 12 in file RTE\Device\M0519LE3AE\startup_M0519.s
   Uses
      None
Comment: STACK unused
Stack_Mem 00000000

Symbol: Stack_Mem
   Definitions
      At line 13 in file RTE\Device\M0519LE3AE\startup_M0519.s
   Uses
      None
Comment: Stack_Mem unused
__initial_sp 00000400

Symbol: __initial_sp
   Definitions
      At line 14 in file RTE\Device\M0519LE3AE\startup_M0519.s
   Uses
      At line 39 in file RTE\Device\M0519LE3AE\startup_M0519.s
      At line 233 in file RTE\Device\M0519LE3AE\startup_M0519.s

3 symbols



ARM Macro Assembler    Page 1 Alphabetic symbol ordering
Relocatable symbols

HEAP 00000000

Symbol: HEAP
   Definitions
      At line 25 in file RTE\Device\M0519LE3AE\startup_M0519.s
   Uses
      None
Comment: HEAP unused
Heap_Mem 00000000

Symbol: Heap_Mem
   Definitions
      At line 27 in file RTE\Device\M0519LE3AE\startup_M0519.s
   Uses
      None
Comment: Heap_Mem unused
__heap_base 00000000

Symbol: __heap_base
   Definitions
      At line 26 in file RTE\Device\M0519LE3AE\startup_M0519.s
   Uses
      At line 234 in file RTE\Device\M0519LE3AE\startup_M0519.s
Comment: __heap_base used once
__heap_limit 00000000

Symbol: __heap_limit
   Definitions
      At line 28 in file RTE\Device\M0519LE3AE\startup_M0519.s
   Uses
      At line 235 in file RTE\Device\M0519LE3AE\startup_M0519.s
Comment: __heap_limit used once
4 symbols



ARM Macro Assembler    Page 1 Alphabetic symbol ordering
Relocatable symbols

RESET 00000000

Symbol: RESET
   Definitions
      At line 36 in file RTE\Device\M0519LE3AE\startup_M0519.s
   Uses
      None
Comment: RESET unused
__Vectors 00000000

Symbol: __Vectors
   Definitions
      At line 39 in file RTE\Device\M0519LE3AE\startup_M0519.s
   Uses
      At line 37 in file RTE\Device\M0519LE3AE\startup_M0519.s
Comment: __Vectors used once
2 symbols



ARM Macro Assembler    Page 1 Alphabetic symbol ordering
Relocatable symbols

.text 00000000

Symbol: .text
   Definitions
      At line 93 in file RTE\Device\M0519LE3AE\startup_M0519.s
   Uses
      None
Comment: .text unused
ACMP_IRQHandler 0000002A

Symbol: ACMP_IRQHandler
   Definitions
      At line 214 in file RTE\Device\M0519LE3AE\startup_M0519.s
   Uses
      At line 83 in file RTE\Device\M0519LE3AE\startup_M0519.s
      At line 181 in file RTE\Device\M0519LE3AE\startup_M0519.s

BOD_IRQHandler 0000002A

Symbol: BOD_IRQHandler
   Definitions
      At line 190 in file RTE\Device\M0519LE3AE\startup_M0519.s
   Uses
      At line 58 in file RTE\Device\M0519LE3AE\startup_M0519.s
      At line 157 in file RTE\Device\M0519LE3AE\startup_M0519.s

BPWM0_IRQHandler 0000002A

Symbol: BPWM0_IRQHandler
   Definitions
      At line 196 in file RTE\Device\M0519LE3AE\startup_M0519.s
   Uses
      At line 64 in file RTE\Device\M0519LE3AE\startup_M0519.s
      At line 163 in file RTE\Device\M0519LE3AE\startup_M0519.s

CAP0_IRQHandler 0000002A

Symbol: CAP0_IRQHandler
   Definitions
      At line 212 in file RTE\Device\M0519LE3AE\startup_M0519.s
   Uses
      At line 81 in file RTE\Device\M0519LE3AE\startup_M0519.s
      At line 179 in file RTE\Device\M0519LE3AE\startup_M0519.s

CAP1_IRQHandler 0000002A

Symbol: CAP1_IRQHandler
   Definitions
      At line 213 in file RTE\Device\M0519LE3AE\startup_M0519.s
   Uses
      At line 82 in file RTE\Device\M0519LE3AE\startup_M0519.s
      At line 180 in file RTE\Device\M0519LE3AE\startup_M0519.s

CKD_IRQHandler 0000002A

Symbol: CKD_IRQHandler
   Definitions
      At line 209 in file RTE\Device\M0519LE3AE\startup_M0519.s
   Uses



ARM Macro Assembler    Page 2 Alphabetic symbol ordering
Relocatable symbols

      At line 77 in file RTE\Device\M0519LE3AE\startup_M0519.s
      At line 176 in file RTE\Device\M0519LE3AE\startup_M0519.s

Default_Handler 0000002A

Symbol: Default_Handler
   Definitions
      At line 155 in file RTE\Device\M0519LE3AE\startup_M0519.s
   Uses
      None
Comment: Default_Handler unused
Default_IRQHandler 0000002A

Symbol: Default_IRQHandler
   Definitions
      At line 189 in file RTE\Device\M0519LE3AE\startup_M0519.s
   Uses
      At line 78 in file RTE\Device\M0519LE3AE\startup_M0519.s
Comment: Default_IRQHandler used once
EADC0_IRQHandler 0000002A

Symbol: EADC0_IRQHandler
   Definitions
      At line 197 in file RTE\Device\M0519LE3AE\startup_M0519.s
   Uses
      At line 65 in file RTE\Device\M0519LE3AE\startup_M0519.s
      At line 164 in file RTE\Device\M0519LE3AE\startup_M0519.s

EADC1_IRQHandler 0000002A

Symbol: EADC1_IRQHandler
   Definitions
      At line 218 in file RTE\Device\M0519LE3AE\startup_M0519.s
   Uses
      At line 87 in file RTE\Device\M0519LE3AE\startup_M0519.s
      At line 185 in file RTE\Device\M0519LE3AE\startup_M0519.s

EADC2_IRQHandler 0000002A

Symbol: EADC2_IRQHandler
   Definitions
      At line 219 in file RTE\Device\M0519LE3AE\startup_M0519.s
   Uses
      At line 88 in file RTE\Device\M0519LE3AE\startup_M0519.s
      At line 186 in file RTE\Device\M0519LE3AE\startup_M0519.s

EADC3_IRQHandler 0000002A

Symbol: EADC3_IRQHandler
   Definitions
      At line 220 in file RTE\Device\M0519LE3AE\startup_M0519.s
   Uses
      At line 89 in file RTE\Device\M0519LE3AE\startup_M0519.s
      At line 187 in file RTE\Device\M0519LE3AE\startup_M0519.s

EINT0_IRQHandler 0000002A

Symbol: EINT0_IRQHandler
   Definitions



ARM Macro Assembler    Page 3 Alphabetic symbol ordering
Relocatable symbols

      At line 192 in file RTE\Device\M0519LE3AE\startup_M0519.s
   Uses
      At line 60 in file RTE\Device\M0519LE3AE\startup_M0519.s
      At line 159 in file RTE\Device\M0519LE3AE\startup_M0519.s

EINT1_IRQHandler 0000002A

Symbol: EINT1_IRQHandler
   Definitions
      At line 193 in file RTE\Device\M0519LE3AE\startup_M0519.s
   Uses
      At line 61 in file RTE\Device\M0519LE3AE\startup_M0519.s
      At line 160 in file RTE\Device\M0519LE3AE\startup_M0519.s

EPWM0_IRQHandler 0000002A

Symbol: EPWM0_IRQHandler
   Definitions
      At line 210 in file RTE\Device\M0519LE3AE\startup_M0519.s
   Uses
      At line 79 in file RTE\Device\M0519LE3AE\startup_M0519.s
      At line 177 in file RTE\Device\M0519LE3AE\startup_M0519.s

EPWM1_IRQHandler 0000002A

Symbol: EPWM1_IRQHandler
   Definitions
      At line 211 in file RTE\Device\M0519LE3AE\startup_M0519.s
   Uses
      At line 80 in file RTE\Device\M0519LE3AE\startup_M0519.s
      At line 178 in file RTE\Device\M0519LE3AE\startup_M0519.s

GPG0_IRQHandler 0000002A

Symbol: GPG0_IRQHandler
   Definitions
      At line 194 in file RTE\Device\M0519LE3AE\startup_M0519.s
   Uses
      At line 62 in file RTE\Device\M0519LE3AE\startup_M0519.s
      At line 161 in file RTE\Device\M0519LE3AE\startup_M0519.s

GPG1_IRQHandler 0000002A

Symbol: GPG1_IRQHandler
   Definitions
      At line 195 in file RTE\Device\M0519LE3AE\startup_M0519.s
   Uses
      At line 63 in file RTE\Device\M0519LE3AE\startup_M0519.s
      At line 162 in file RTE\Device\M0519LE3AE\startup_M0519.s

HardFault_Handler 00000022

Symbol: HardFault_Handler
   Definitions
      At line 138 in file RTE\Device\M0519LE3AE\startup_M0519.s
   Uses
      At line 42 in file RTE\Device\M0519LE3AE\startup_M0519.s
      At line 139 in file RTE\Device\M0519LE3AE\startup_M0519.s




ARM Macro Assembler    Page 4 Alphabetic symbol ordering
Relocatable symbols

I2C_IRQHandler 0000002A

Symbol: I2C_IRQHandler
   Definitions
      At line 208 in file RTE\Device\M0519LE3AE\startup_M0519.s
   Uses
      At line 76 in file RTE\Device\M0519LE3AE\startup_M0519.s
      At line 175 in file RTE\Device\M0519LE3AE\startup_M0519.s

MDU_IRQHandler 0000002A

Symbol: MDU_IRQHandler
   Definitions
      At line 207 in file RTE\Device\M0519LE3AE\startup_M0519.s
   Uses
      At line 75 in file RTE\Device\M0519LE3AE\startup_M0519.s
      At line 174 in file RTE\Device\M0519LE3AE\startup_M0519.s

NMI_Handler 00000020

Symbol: NMI_Handler
   Definitions
      At line 133 in file RTE\Device\M0519LE3AE\startup_M0519.s
   Uses
      At line 41 in file RTE\Device\M0519LE3AE\startup_M0519.s
      At line 134 in file RTE\Device\M0519LE3AE\startup_M0519.s

PWRWU_IRQHandler 0000002A

Symbol: PWRWU_IRQHandler
   Definitions
      At line 217 in file RTE\Device\M0519LE3AE\startup_M0519.s
   Uses
      At line 86 in file RTE\Device\M0519LE3AE\startup_M0519.s
      At line 184 in file RTE\Device\M0519LE3AE\startup_M0519.s

PendSV_Handler 00000026

Symbol: PendSV_Handler
   Definitions
      At line 146 in file RTE\Device\M0519LE3AE\startup_M0519.s
   Uses
      At line 53 in file RTE\Device\M0519LE3AE\startup_M0519.s
      At line 147 in file RTE\Device\M0519LE3AE\startup_M0519.s

QEI0_IRQHandler 0000002A

Symbol: QEI0_IRQHandler
   Definitions
      At line 215 in file RTE\Device\M0519LE3AE\startup_M0519.s
   Uses
      At line 84 in file RTE\Device\M0519LE3AE\startup_M0519.s
      At line 182 in file RTE\Device\M0519LE3AE\startup_M0519.s

QEI1_IRQHandler 0000002A

Symbol: QEI1_IRQHandler
   Definitions
      At line 216 in file RTE\Device\M0519LE3AE\startup_M0519.s



ARM Macro Assembler    Page 5 Alphabetic symbol ordering
Relocatable symbols

   Uses
      At line 85 in file RTE\Device\M0519LE3AE\startup_M0519.s
      At line 183 in file RTE\Device\M0519LE3AE\startup_M0519.s

Reset_Handler 00000000

Symbol: Reset_Handler
   Definitions
      At line 101 in file RTE\Device\M0519LE3AE\startup_M0519.s
   Uses
      At line 40 in file RTE\Device\M0519LE3AE\startup_M0519.s
      At line 102 in file RTE\Device\M0519LE3AE\startup_M0519.s

SPI0_IRQHandler 0000002A

Symbol: SPI0_IRQHandler
   Definitions
      At line 204 in file RTE\Device\M0519LE3AE\startup_M0519.s
   Uses
      At line 72 in file RTE\Device\M0519LE3AE\startup_M0519.s
      At line 171 in file RTE\Device\M0519LE3AE\startup_M0519.s

SPI1_IRQHandler 0000002A

Symbol: SPI1_IRQHandler
   Definitions
      At line 205 in file RTE\Device\M0519LE3AE\startup_M0519.s
   Uses
      At line 73 in file RTE\Device\M0519LE3AE\startup_M0519.s
      At line 172 in file RTE\Device\M0519LE3AE\startup_M0519.s

SPI2_IRQHandler 0000002A

Symbol: SPI2_IRQHandler
   Definitions
      At line 206 in file RTE\Device\M0519LE3AE\startup_M0519.s
   Uses
      At line 74 in file RTE\Device\M0519LE3AE\startup_M0519.s
      At line 173 in file RTE\Device\M0519LE3AE\startup_M0519.s

SVC_Handler 00000024

Symbol: SVC_Handler
   Definitions
      At line 142 in file RTE\Device\M0519LE3AE\startup_M0519.s
   Uses
      At line 50 in file RTE\Device\M0519LE3AE\startup_M0519.s
      At line 143 in file RTE\Device\M0519LE3AE\startup_M0519.s

SysTick_Handler 00000028

Symbol: SysTick_Handler
   Definitions
      At line 150 in file RTE\Device\M0519LE3AE\startup_M0519.s
   Uses
      At line 54 in file RTE\Device\M0519LE3AE\startup_M0519.s
      At line 151 in file RTE\Device\M0519LE3AE\startup_M0519.s

TMR0_IRQHandler 0000002A



ARM Macro Assembler    Page 6 Alphabetic symbol ordering
Relocatable symbols


Symbol: TMR0_IRQHandler
   Definitions
      At line 198 in file RTE\Device\M0519LE3AE\startup_M0519.s
   Uses
      At line 66 in file RTE\Device\M0519LE3AE\startup_M0519.s
      At line 165 in file RTE\Device\M0519LE3AE\startup_M0519.s

TMR1_IRQHandler 0000002A

Symbol: TMR1_IRQHandler
   Definitions
      At line 199 in file RTE\Device\M0519LE3AE\startup_M0519.s
   Uses
      At line 67 in file RTE\Device\M0519LE3AE\startup_M0519.s
      At line 166 in file RTE\Device\M0519LE3AE\startup_M0519.s

TMR2_IRQHandler 0000002A

Symbol: TMR2_IRQHandler
   Definitions
      At line 200 in file RTE\Device\M0519LE3AE\startup_M0519.s
   Uses
      At line 68 in file RTE\Device\M0519LE3AE\startup_M0519.s
      At line 167 in file RTE\Device\M0519LE3AE\startup_M0519.s

TMR3_IRQHandler 0000002A

Symbol: TMR3_IRQHandler
   Definitions
      At line 201 in file RTE\Device\M0519LE3AE\startup_M0519.s
   Uses
      At line 69 in file RTE\Device\M0519LE3AE\startup_M0519.s
      At line 168 in file RTE\Device\M0519LE3AE\startup_M0519.s

UART0_IRQHandler 0000002A

Symbol: UART0_IRQHandler
   Definitions
      At line 202 in file RTE\Device\M0519LE3AE\startup_M0519.s
   Uses
      At line 70 in file RTE\Device\M0519LE3AE\startup_M0519.s
      At line 169 in file RTE\Device\M0519LE3AE\startup_M0519.s

UART1_IRQHandler 0000002A

Symbol: UART1_IRQHandler
   Definitions
      At line 203 in file RTE\Device\M0519LE3AE\startup_M0519.s
   Uses
      At line 71 in file RTE\Device\M0519LE3AE\startup_M0519.s
      At line 170 in file RTE\Device\M0519LE3AE\startup_M0519.s

WDT_IRQHandler 0000002A

Symbol: WDT_IRQHandler
   Definitions
      At line 191 in file RTE\Device\M0519LE3AE\startup_M0519.s
   Uses



ARM Macro Assembler    Page 7 Alphabetic symbol ordering
Relocatable symbols

      At line 59 in file RTE\Device\M0519LE3AE\startup_M0519.s
      At line 158 in file RTE\Device\M0519LE3AE\startup_M0519.s

40 symbols



ARM Macro Assembler    Page 1 Alphabetic symbol ordering
Absolute symbols

Heap_Size 00000000

Symbol: Heap_Size
   Definitions
      At line 22 in file RTE\Device\M0519LE3AE\startup_M0519.s
   Uses
      At line 27 in file RTE\Device\M0519LE3AE\startup_M0519.s
Comment: Heap_Size used once
Stack_Size 00000400

Symbol: Stack_Size
   Definitions
      At line 9 in file RTE\Device\M0519LE3AE\startup_M0519.s
   Uses
      At line 13 in file RTE\Device\M0519LE3AE\startup_M0519.s
Comment: Stack_Size used once
2 symbols



ARM Macro Assembler    Page 1 Alphabetic symbol ordering
External symbols

SystemInit 00000000

Symbol: SystemInit
   Definitions
      At line 103 in file RTE\Device\M0519LE3AE\startup_M0519.s
   Uses
      At line 124 in file RTE\Device\M0519LE3AE\startup_M0519.s
Comment: SystemInit used once
__main 00000000

Symbol: __main
   Definitions
      At line 104 in file RTE\Device\M0519LE3AE\startup_M0519.s
   Uses
      At line 126 in file RTE\Device\M0519LE3AE\startup_M0519.s
Comment: __main used once
2 symbols
391 symbols in table
